{"level":"info","message":"Server started on http://localhost:3000","timestamp":"2025-05-16T09:25:43.656Z"}
{"level":"info","message":"Server started on http://localhost:3000","timestamp":"2025-05-16T09:25:45.923Z"}
{"level":"info","message":"Server started on http://localhost:3000","timestamp":"2025-05-16T09:31:54.113Z"}
{"level":"info","message":"Server started on http://localhost:3000","timestamp":"2025-05-16T09:32:11.011Z"}
{"level":"info","message":"GET /","timestamp":"2025-05-16T09:35:59.417Z"}
{"level":"warn","message":"404 Not Found: /scripts.js","timestamp":"2025-05-16T09:35:59.574Z"}
{"level":"info","message":"Server started on http://localhost:3000","timestamp":"2025-05-16T09:36:00.928Z"}
{"level":"info","message":"GET /findMedicine","timestamp":"2025-05-16T09:36:07.353Z"}
{"level":"warn","message":"404 Not Found: /css/styles.css","timestamp":"2025-05-16T09:36:07.634Z"}
{"level":"info","message":"GET /login","timestamp":"2025-05-16T09:36:55.488Z"}
{"level":"warn","message":"404 Not Found: /css/styles.css","timestamp":"2025-05-16T09:36:55.618Z"}
{"level":"info","message":"GET /findMedicine","timestamp":"2025-05-16T09:46:01.200Z"}
{"level":"warn","message":"404 Not Found: /css/styles.css","timestamp":"2025-05-16T09:46:01.342Z"}
{"level":"info","message":"GET /findMedicine","timestamp":"2025-05-16T09:49:53.366Z"}
{"level":"warn","message":"404 Not Found: /css/styles.css","timestamp":"2025-05-16T09:49:53.486Z"}
{"level":"info","message":"GET /findMedicine","timestamp":"2025-05-16T09:50:57.351Z"}
{"level":"warn","message":"404 Not Found: /css/styles.css","timestamp":"2025-05-16T09:50:57.471Z"}
{"level":"info","message":"GET /findMedicine","timestamp":"2025-05-16T09:52:12.592Z"}
{"level":"warn","message":"404 Not Found: /css/styles.css","timestamp":"2025-05-16T09:52:12.711Z"}
{"level":"info","message":"GET /login","timestamp":"2025-05-16T09:52:47.206Z"}
{"level":"warn","message":"404 Not Found: /css/styles.css","timestamp":"2025-05-16T09:52:47.350Z"}
{"level":"info","message":"POST /login","timestamp":"2025-05-16T09:53:15.586Z"}
{"level":"info","message":"User logged in successfully","timestamp":"2025-05-16T09:53:16.017Z"}
{"level":"info","message":"GET /dashboard","timestamp":"2025-05-16T09:53:16.050Z"}
{"level":"warn","message":"404 Not Found: /css/styles.css","timestamp":"2025-05-16T09:53:16.162Z"}
{"level":"info","message":"GET /findMedicine","timestamp":"2025-05-16T09:53:22.278Z"}
{"level":"warn","message":"404 Not Found: /css/styles.css","timestamp":"2025-05-16T09:53:22.417Z"}
{"level":"warn","message":"404 Not Found: /order","timestamp":"2025-05-16T09:53:26.926Z"}
{"level":"warn","message":"404 Not Found: /order","timestamp":"2025-05-16T09:53:43.599Z"}
{"level":"info","message":"GET /findMedicine","timestamp":"2025-05-16T09:53:50.188Z"}
{"level":"warn","message":"404 Not Found: /css/styles.css","timestamp":"2025-05-16T09:53:50.323Z"}
